<?xml version="1.0" encoding="utf-8"?><testsuites name="pytest tests"><testsuite name="pytest" errors="0" failures="0" skipped="0" tests="14" time="1.404" timestamp="2026-07-06T19:07:28.351815+00:00" hostname="agent-env-29cfe93b-a616-42ca-891a-3c423a1bbdf7"><testcase classname="backend.tests.backend_test" name="test_health" time="0.133" /><testcase classname="backend.tests.backend_test" name="test_jobs_seeded" time="0.052" /><testcase classname="backend.tests.backend_test" name="test_get_job_by_id" time="0.054" /><testcase classname="backend.tests.backend_test" name="test_get_job_by_share_slug" time="0.047" /><testcase classname="backend.tests.backend_test" name="test_create_job" time="0.154" /><testcase classname="backend.tests.backend_test" name="test_candidates_seeded" time="0.051" /><testcase classname="backend.tests.backend_test" name="test_candidates_filter_by_stage" time="0.048" /><testcase classname="backend.tests.backend_test" name="test_candidates_filter_by_job" time="0.056" /><testcase classname="backend.tests.backend_test" name="test_extract_skills" time="0.054" /><testcase classname="backend.tests.backend_test" name="test_extract_skills_empty" time="0.053" /><testcase classname="backend.tests.backend_test" name="test_stage_update" time="0.157" /><testcase classname="backend.tests.backend_test" name="test_assign_multiple_roles" time="0.155" /><testcase classname="backend.tests.backend_test" name="test_public_apply" time="0.168" /><testcase classname="backend.tests.backend_test" name="test_analytics_summary" time="0.055" /></testsuite></testsuites>